<?xml version="1.0" encoding="UTF-8"?>
<!-- Generated by org.testng.reporters.JUnitReportReporter -->
<testsuite hostname="DESKTOP-PQQMIHU" failures="0" tests="2" name="TestGroup_PracticeProblems4D.Test2" time="0.013" errors="0" timestamp="2022-04-14T14:49:21 IST" skipped="0">
  <testcase classname="TestGroup_PracticeProblems4D.Test2" name="TC1" time="0.010"/>
  <system-out/>
  <testcase classname="TestGroup_PracticeProblems4D.Test2" name="TC1" time="0.003"/>
  <system-out/>
</testsuite> <!-- TestGroup_PracticeProblems4D.Test2 -->
