<?xml version="1.0" encoding="UTF-8"?>
<!-- Generated by org.testng.reporters.JUnitReportReporter -->
<testsuite hostname="DESKTOP-PQQMIHU" failures="0" tests="2" name="TestGroup_PracticeProblems4D.A25_TestNGAnnotationsB" time="0.009" errors="0" timestamp="2022-04-09T11:19:00 IST" skipped="0">
  <testcase classname="TestGroup_PracticeProblems4D.A25_TestNGAnnotationsB" name="TC3" time="0.003"/>
  <system-out/>
  <testcase classname="TestGroup_PracticeProblems4D.A25_TestNGAnnotationsB" name="TC4" time="0.006"/>
  <system-out/>
</testsuite> <!-- TestGroup_PracticeProblems4D.A25_TestNGAnnotationsB -->
